{"/Users/zurshani/Desktop/app_a/server.js": {"path":"/Users/zurshani/Desktop/app_a/server.js","statementMap":{"0":{"start":{"line":1,"column":16},"end":{"line":1,"column":34}},"1":{"start":{"line":2,"column":17},"end":{"line":2,"column":36}},"2":{"start":{"line":3,"column":0},"end":{"line":3,"column":27}},"3":{"start":{"line":5,"column":12},"end":{"line":5,"column":21}},"4":{"start":{"line":9,"column":2},"end":{"line":9,"column":65}},"5":{"start":{"line":11,"column":18},"end":{"line":23,"column":1}},"6":{"start":{"line":12,"column":2},"end":{"line":22,"column":3}},"7":{"start":{"line":13,"column":4},"end":{"line":17,"column":7}},"8":{"start":{"line":18,"column":4},"end":{"line":18,"column":53}},"9":{"start":{"line":20,"column":4},"end":{"line":20,"column":65}},"10":{"start":{"line":21,"column":4},"end":{"line":21,"column":20}},"11":{"start":{"line":25,"column":0},"end":{"line":25,"column":12}},"12":{"start":{"line":28,"column":0},"end":{"line":30,"column":3}},"13":{"start":{"line":29,"column":2},"end":{"line":29,"column":30}},"14":{"start":{"line":32,"column":19},"end":{"line":32,"column":41}},"15":{"start":{"line":33,"column":0},"end":{"line":33,"column":27}},"16":{"start":{"line":34,"column":0},"end":{"line":34,"column":51}},"17":{"start":{"line":36,"column":20},"end":{"line":36,"column":52}},"18":{"start":{"line":37,"column":0},"end":{"line":37,"column":31}},"19":{"start":{"line":39,"column":0},"end":{"line":39,"column":21}}},"fnMap":{"0":{"name":"(anonymous_0)","decl":{"start":{"line":11,"column":18},"end":{"line":11,"column":19}},"loc":{"start":{"line":11,"column":30},"end":{"line":23,"column":1}},"line":11},"1":{"name":"(anonymous_1)","decl":{"start":{"line":28,"column":13},"end":{"line":28,"column":14}},"loc":{"start":{"line":28,"column":27},"end":{"line":30,"column":1}},"line":28}},"branchMap":{"0":{"loc":{"start":{"line":9,"column":2},"end":{"line":9,"column":65}},"type":"binary-expr","locations":[{"start":{"line":9,"column":2},"end":{"line":9,"column":24}},{"start":{"line":9,"column":28},"end":{"line":9,"column":65}}],"line":9}},"s":{"0":1,"1":1,"2":1,"3":1,"4":1,"5":1,"6":1,"7":1,"8":1,"9":0,"10":0,"11":1,"12":1,"13":0,"14":1,"15":1,"16":1,"17":1,"18":1,"19":1},"f":{"0":1,"1":0},"b":{"0":[1,0]},"_coverageSchema":"1a1c01bbd47fc00a2c39e90264f33305004495a9","hash":"f66a9ffb6f145d084196097405625a402bd8db31"}
,"/Users/zurshani/Desktop/app_a/controllers/posts_controller.js": {"path":"/Users/zurshani/Desktop/app_a/controllers/posts_controller.js","statementMap":{"0":{"start":{"line":1,"column":14},"end":{"line":1,"column":46}},"1":{"start":{"line":2,"column":21},"end":{"line":2,"column":39}},"2":{"start":{"line":4,"column":19},"end":{"line":13,"column":1}},"3":{"start":{"line":5,"column":2},"end":{"line":5,"column":24}},"4":{"start":{"line":6,"column":2},"end":{"line":12,"column":7}},"5":{"start":{"line":8,"column":6},"end":{"line":8,"column":33}},"6":{"start":{"line":11,"column":6},"end":{"line":11,"column":34}},"7":{"start":{"line":15,"column":20},"end":{"line":29,"column":1}},"8":{"start":{"line":16,"column":17},"end":{"line":16,"column":26}},"9":{"start":{"line":17,"column":2},"end":{"line":17,"column":22}},"10":{"start":{"line":18,"column":2},"end":{"line":28,"column":3}},"11":{"start":{"line":19,"column":4},"end":{"line":25,"column":5}},"12":{"start":{"line":20,"column":20},"end":{"line":20,"column":61}},"13":{"start":{"line":21,"column":6},"end":{"line":21,"column":41}},"14":{"start":{"line":23,"column":20},"end":{"line":23,"column":38}},"15":{"start":{"line":24,"column":6},"end":{"line":24,"column":34}},"16":{"start":{"line":27,"column":4},"end":{"line":27,"column":32}},"17":{"start":{"line":31,"column":20},"end":{"line":47,"column":1}},"18":{"start":{"line":32,"column":13},"end":{"line":32,"column":26}},"19":{"start":{"line":33,"column":2},"end":{"line":46,"column":3}},"20":{"start":{"line":34,"column":4},"end":{"line":43,"column":5}},"21":{"start":{"line":35,"column":19},"end":{"line":35,"column":43}},"22":{"start":{"line":36,"column":6},"end":{"line":40,"column":7}},"23":{"start":{"line":37,"column":8},"end":{"line":37,"column":30}},"24":{"start":{"line":39,"column":8},"end":{"line":39,"column":54}},"25":{"start":{"line":42,"column":6},"end":{"line":42,"column":49}},"26":{"start":{"line":45,"column":4},"end":{"line":45,"column":46}},"27":{"start":{"line":49,"column":19},"end":{"line":62,"column":1}},"28":{"start":{"line":50,"column":17},"end":{"line":50,"column":30}},"29":{"start":{"line":51,"column":2},"end":{"line":61,"column":7}},"30":{"start":{"line":53,"column":6},"end":{"line":57,"column":7}},"31":{"start":{"line":54,"column":8},"end":{"line":54,"column":52}},"32":{"start":{"line":56,"column":8},"end":{"line":56,"column":54}},"33":{"start":{"line":60,"column":6},"end":{"line":60,"column":49}},"34":{"start":{"line":64,"column":0},"end":{"line":64,"column":70}}},"fnMap":{"0":{"name":"(anonymous_0)","decl":{"start":{"line":4,"column":19},"end":{"line":4,"column":20}},"loc":{"start":{"line":4,"column":33},"end":{"line":13,"column":1}},"line":4},"1":{"name":"(anonymous_1)","decl":{"start":{"line":7,"column":10},"end":{"line":7,"column":11}},"loc":{"start":{"line":7,"column":20},"end":{"line":9,"column":5}},"line":7},"2":{"name":"(anonymous_2)","decl":{"start":{"line":10,"column":11},"end":{"line":10,"column":12}},"loc":{"start":{"line":10,"column":22},"end":{"line":12,"column":5}},"line":10},"3":{"name":"(anonymous_3)","decl":{"start":{"line":15,"column":20},"end":{"line":15,"column":21}},"loc":{"start":{"line":15,"column":40},"end":{"line":29,"column":1}},"line":15},"4":{"name":"(anonymous_4)","decl":{"start":{"line":31,"column":20},"end":{"line":31,"column":21}},"loc":{"start":{"line":31,"column":40},"end":{"line":47,"column":1}},"line":31},"5":{"name":"(anonymous_5)","decl":{"start":{"line":49,"column":19},"end":{"line":49,"column":20}},"loc":{"start":{"line":49,"column":39},"end":{"line":62,"column":1}},"line":49},"6":{"name":"(anonymous_6)","decl":{"start":{"line":52,"column":10},"end":{"line":52,"column":11}},"loc":{"start":{"line":52,"column":20},"end":{"line":58,"column":5}},"line":52},"7":{"name":"(anonymous_7)","decl":{"start":{"line":59,"column":11},"end":{"line":59,"column":12}},"loc":{"start":{"line":59,"column":22},"end":{"line":61,"column":5}},"line":59}},"branchMap":{"0":{"loc":{"start":{"line":19,"column":4},"end":{"line":25,"column":5}},"type":"if","locations":[{"start":{"line":19,"column":4},"end":{"line":25,"column":5}},{"start":{"line":22,"column":11},"end":{"line":25,"column":5}}],"line":19},"1":{"loc":{"start":{"line":33,"column":2},"end":{"line":46,"column":3}},"type":"if","locations":[{"start":{"line":33,"column":2},"end":{"line":46,"column":3}},{"start":{"line":44,"column":9},"end":{"line":46,"column":3}}],"line":33},"2":{"loc":{"start":{"line":36,"column":6},"end":{"line":40,"column":7}},"type":"if","locations":[{"start":{"line":36,"column":6},"end":{"line":40,"column":7}},{"start":{"line":38,"column":13},"end":{"line":40,"column":7}}],"line":36},"3":{"loc":{"start":{"line":53,"column":6},"end":{"line":57,"column":7}},"type":"if","locations":[{"start":{"line":53,"column":6},"end":{"line":57,"column":7}},{"start":{"line":55,"column":13},"end":{"line":57,"column":7}}],"line":53}},"s":{"0":1,"1":1,"2":1,"3":2,"4":2,"5":2,"6":0,"7":1,"8":3,"9":3,"10":3,"11":3,"12":1,"13":1,"14":2,"15":2,"16":0,"17":1,"18":2,"19":2,"20":2,"21":2,"22":2,"23":1,"24":1,"25":0,"26":0,"27":1,"28":1,"29":1,"30":1,"31":1,"32":0,"33":0,"34":1},"f":{"0":2,"1":2,"2":0,"3":3,"4":2,"5":1,"6":1,"7":0},"b":{"0":[1,2],"1":[2,0],"2":[1,1],"3":[1,0]},"_coverageSchema":"1a1c01bbd47fc00a2c39e90264f33305004495a9","hash":"02f1232326e7a0c3c82e0f6d253d236445f8a8f9"}
,"/Users/zurshani/Desktop/app_a/models/posts_model.js": {"path":"/Users/zurshani/Desktop/app_a/models/posts_model.js","statementMap":{"0":{"start":{"line":1,"column":17},"end":{"line":1,"column":36}},"1":{"start":{"line":2,"column":15},"end":{"line":2,"column":30}},"2":{"start":{"line":3,"column":19},"end":{"line":7,"column":2}},"3":{"start":{"line":8,"column":14},"end":{"line":8,"column":48}},"4":{"start":{"line":9,"column":0},"end":{"line":9,"column":23}}},"fnMap":{},"branchMap":{},"s":{"0":1,"1":1,"2":1,"3":1,"4":1},"f":{},"b":{},"_coverageSchema":"1a1c01bbd47fc00a2c39e90264f33305004495a9","hash":"90b46ed3cf4f968821a645ace78bf9963db9378e"}
,"/Users/zurshani/Desktop/app_a/routes/posts_routes.js": {"path":"/Users/zurshani/Desktop/app_a/routes/posts_routes.js","statementMap":{"0":{"start":{"line":1,"column":16},"end":{"line":1,"column":34}},"1":{"start":{"line":2,"column":15},"end":{"line":2,"column":31}},"2":{"start":{"line":4,"column":24},"end":{"line":4,"column":66}},"3":{"start":{"line":6,"column":0},"end":{"line":6,"column":45}},"4":{"start":{"line":8,"column":0},"end":{"line":8,"column":48}},"5":{"start":{"line":10,"column":0},"end":{"line":10,"column":45}},"6":{"start":{"line":12,"column":0},"end":{"line":12,"column":50}},"7":{"start":{"line":14,"column":0},"end":{"line":14,"column":24}}},"fnMap":{},"branchMap":{},"s":{"0":1,"1":1,"2":1,"3":1,"4":1,"5":1,"6":1,"7":1},"f":{},"b":{},"_coverageSchema":"1a1c01bbd47fc00a2c39e90264f33305004495a9","hash":"6c20eb29b770f3b11064adc06dad3118c0d3409e"}
}
